2017-05-23 00:37:59,134   INFO  MainThread   connectionpool.py   264:       _new_conn|| Starting new HTTP connection (1): dev-proxy.oa.com
2017-05-23 00:51:36,693   INFO  MainThread   connectionpool.py   264:       _new_conn|| Starting new HTTP connection (1): dev-proxy.oa.com
2017-05-23 00:51:52,983   INFO  MainThread   connectionpool.py   264:       _new_conn|| Starting new HTTP connection (1): dev-proxy.oa.com
2017-05-23 00:55:03,332   INFO  MainThread   connectionpool.py   264:       _new_conn|| Starting new HTTP connection (1): dev-proxy.oa.com
2017-05-23 00:55:16,547   INFO  MainThread   connectionpool.py   264:       _new_conn|| Starting new HTTP connection (1): dev-proxy.oa.com
2017-05-23 00:56:56,397   INFO  MainThread   connectionpool.py   264:       _new_conn|| Starting new HTTP connection (1): dev-proxy.oa.com
2017-05-23 00:57:14,988   INFO  MainThread   connectionpool.py   264:       _new_conn|| Starting new HTTP connection (1): dev-proxy.oa.com
2017-05-23 00:59:24,030   INFO  MainThread   connectionpool.py   264:       _new_conn|| Starting new HTTP connection (1): dev-proxy.oa.com
2017-05-23 01:02:00,668   INFO  MainThread   connectionpool.py   264:       _new_conn|| Starting new HTTP connection (1): dev-proxy.oa.com
2017-05-23 01:07:27,055   INFO  MainThread   connectionpool.py   264:       _new_conn|| Starting new HTTP connection (1): dev-proxy.oa.com
2017-05-23 01:07:27,160   INFO  MainThread   db_wrapper.py    30:       __connect|| suc connect to mysql, config={'passwd': 'zheng', 'host': '127.0.0.1', 'charset': 'utf8', 'db': 'd_ugc_video', 'user': 'root'}
2017-05-23 01:07:27,161  ERROR  MainThread   db_wrapper.py    63:     execute_sql|| Traceback (most recent call last):
  File "../common/db_wrapper.py", line 60, in execute_sql
    affect = cursor.execute(sql)
  File "/usr/lib/python2.7/dist-packages/MySQLdb/cursors.py", line 174, in execute
    self.errorhandler(self, exc, value)
  File "/usr/lib/python2.7/dist-packages/MySQLdb/connections.py", line 36, in defaulterrorhandler
    raise errorclass, errorvalue
ProgrammingError: (1064, "You have an error in your SQL syntax; check the manual that corresponds to your MySQL server version for the right syntax to use near '' at line 1")

2017-05-23 01:07:27,161  ERROR  MainThread   db_wrapper.py    64:     execute_sql|| execute sql=insert into t_book_info (c_ugc_video_id,c_title,c_play_site_id,c_channel_id,c_play_url,c_poster_url,c_episode,c_uploader,c_uploader_url,c_upload_time,c_tag,c_play_amount,c_duration,c_resolution,c_description,c_create_time) values('18182245151956097656','王者荣耀德古拉解说：刘备拼命打法硬冲后排搏命流','12','6','http://v.qq.com/page/q/4/k/q0505c5kr4k.html','http://vpic.video.qq.com/37492431/q0505c5kr4k_160_90_3.jpg','','德古拉Dracula','','2017-05-20','','','14:51','','本期德古拉为大家带来王者局刘备第一视角实战攻略，强行上分，靠的事勇猛无敌！',now()),('5488884426684020986','王者荣耀德古拉解说：牛魔王者排位隔断战场以多欺少','12','6','http://v.qq.com/page/t/1/c/t05056gwm1c.html','http://vpic.video.qq.com/58523219/t05056gwm1c_160_90_3.jpg','','德古拉Dracula','','2017-05-20','','','14:04','','本期德古拉为大家带来王者局牛魔第一视角实战攻略，大招隔断战场，以多胜少就是省事！',now()),('18434522980528272932','王者荣耀德古拉解说：杨戬速推残血开团身体好才是真的好','12','6','http://v.qq.com/page/e/p/c/e0502mcbupc.html','http://vpic.video.qq.com/24102406/e0502mcbupc_160_90_3.jpg','','德古拉Dracula','','2017-05-14','','','08:10','','本期德古拉为大家带来英雄杨戬战队赛第一视角视频，凯瑞不起来也要强上，这气势！',now()),('14200115126767517757','王者荣耀德古拉解说：墨子攻装一炮封神各种秒杀','12','6','http://v.qq.com/page/i/q/k/i050267ixqk.html','http://vpic.video.qq.com/79577306/i050267ixqk_160_90_3.jpg','','德古拉Dracula','','2017-05-14','','','14:29','','本期德古拉为大家带来钻石局墨子第一视角实战攻略，炮神就有气势，一炮半血没毛病！',now()),('17833735645539091551','王者荣耀德古拉解说：成吉思汗战队赛暴击破甲一路封神','12','6','http://v.qq.com/page/p/2/v/p0502e5k62v.html','http://vpic.video.qq.com/98815770/p0502e5k62v_160_90_3.jpg','','德古拉Dracula','','2017-05-13','','','13:44','','本期德古拉为大家带来战队赛成吉思汗第一视角实战攻略，暴击强上打的是节奏！',now()),('1869131949418569684','王者荣耀德古拉解说：橘右京火焰山强控主宰大火球致胜','12','6','http://v.qq.com/page/r/y/0/r05022plsy0.html','http://vpic.video.qq.com/52908291/r05022plsy0_160_90_3.jpg','','德古拉Dracula','','2017-05-13','','','05:16','','本期德古拉为大家带来英雄橘右京火焰山模式第一视角视频，只要火球拿的稳，根本不会输！',now()),('9501665633147256974','王者排位日志140杨戬排位三眼战神力挑二爷！','12','6','http://v.qq.com/page/v/t/f/v05027sowtf.html','http://vpic.video.qq.com/12102247/v05027sowtf_160_90_3.jpg','','德古拉Dracula','','2017-05-12','','','09:32','','本期德古拉为大家带来王者局杨戬第一视角实战攻略，不死战神就是刚，咬住就是死！',now()),('7912241033685265297','王者荣耀德古拉解说：辅助关羽策马奔腾强势躺赢！','12','6','http://v.qq.com/page/p/l/v/p0502uk8tlv.html','http://vpic.video.qq.com/87258437/p0502uk8tlv_160_90_3.jpg','','德古拉Dracula','','2017-05-12','','','10:16','','本期德古拉为大家带来王者局关羽第一视角实战攻略，前期被血虐，后期狂捡头！',now()),('2646784511118139920','王者荣耀德古拉解说：太乙真人辅助炸人翻盘利器就是他！','12','6','http://v.qq.com/page/n/k/m/n0502iowgkm.html','http://vpic.video.qq.com/44703651/n0502iowgkm_160_90_3.jpg','','德古拉Dracula','','2017-05-12','','','14:40','','本期德古拉为大家带来王者局太乙真人第一视角实战攻略，强势辅助，神挡杀神！',now()),('13460164662928707499','王者荣耀德古拉解说：露娜半肉强行切后秒杀一切！','12','6','http://v.qq.com/page/p/r/z/p05026uq6rz.html','http://vpic.video.qq.com/35568981/p05026uq6rz_160_90_3.jpg','','德古拉Dracula','','2017-05-12','','','20:08','','本期德古拉为大家带来钻石局露娜第一视角实战攻略，慢工出细活，直切后排的快感！',now()),('10186101031769858761','王者荣耀德古拉解说：狄仁杰火焰山攻速玩命甩飞镖！','12','6','http://v.qq.com/page/j/1/4/j05028wsb14.html','http://vpic.video.qq.com/71525722/j05028wsb14_160_90_3.jpg','','德古拉Dracula','','2017-05-11','','','05:21','','本期德古拉为大家带来英雄狄仁杰火焰山模式第一视角视频，一顿乱射巧拿MVP！',now()),('12707159732409096032','王者荣耀德古拉解说：甄姬乱斗弹弹球冰爽到极致！','12','6','http://v.qq.com/page/l/x/5/l0502bwzgx5.html','http://vpic.video.qq.com/427866/l0502bwzgx5_160_90_3.jpg','','德古拉Dracula','','2017-05-11','','','06:32','','本期德古拉为大家带来英雄甄姬大乱斗模式第一视角视频，全程冰冻，享受极致快感！',now()),('5030199542330366292','王者排位日志138王者晋级赛兰陵王大杀四方极限阴人！','12','6','http://v.qq.com/page/b/c/b/b0502b3ewcb.html','http://vpic.video.qq.com/19429407/b0502b3ewcb_160_90_3.jpg','','德古拉Dracula','','2017-05-11','','','09:14','','本期德古拉为大家带来王者晋级赛兰陵王第一视角实战攻略，实战阴人，打到敌人内心崩溃！',now()),('1849853752604445819','王者荣耀德古拉解说：杨戬狗哥强势越塔浪死塔中！','12','6','http://v.qq.com/page/p/l/j/p0502c3f2lj.html','http://vpic.video.qq.com/17991003/p0502c3f2lj_160_90_3.jpg','','德古拉Dracula','','2017-05-11','','','17:01','','本期德古拉为大家带来王者局杨戬第一视角实战攻略，杨戬王者局的犀利常态，遇人秒人专切后排！',now()),('11687647031096692644','王者荣耀德古拉解说：半肉李白死磕到底强上高地就是钢！','12','6','http://v.qq.com/page/l/f/7/l0502918yf7.html','http://vpic.video.qq.com/10509451/l0502918yf7_160_90_3.jpg','','德古拉Dracula','','2017-05-11','','','12:57','','本期德古拉为大家带来钻石局李白第一视角实战攻略，半肉李白一样输出给力，而且能抗伤害！',now()),('5002332261720913880','王者荣耀德古拉解说：钢猛花木兰以身挡塔一波上！','12','6','http://v.qq.com/page/k/l/j/k0502qjmllj.html','http://vpic.video.qq.com/34134268/k0502qjmllj_160_90_3.jpg','','德古拉Dracula','','2017-05-11','','','12:16','','本期德古拉为大家带来钻石局花木兰第一视角实战攻略，越塔强杀就为了上高地拆水晶！',now()),('11502841856843547064','王者荣耀德古拉解说：宫本大乱斗以命搏命凶猛异常！','12','6','http://v.qq.com/page/s/3/q/s05013x193q.html','http://vpic.video.qq.com/45322834/s05013x193q_160_90_3.jpg','','德古拉Dracula','','2017-05-10','','','08:59','','本期德古拉为大家带来英雄宫本大乱斗模式第一视角视频，为了速推只能以命搏命的打法了！',now()),('4396510679480960244','王者荣耀德古拉解说：张飞火焰山罩盾打辅助依旧很犀利！','12','6','http://v.qq.com/page/h/3/k/h0501hss23k.html','http://vpic.video.qq.com/78869900/h0501hss23k_160_90_3.jpg','','德古拉Dracula','','2017-05-10','','','05:13','','本期德古拉为大家带来英雄张飞火焰山模式第一视角视频，神级辅助罩盾也能拿到MVP！',now()),('3704967623507890542','王者荣耀德古拉解说：逆风露娜绝地反击从来不怂！','12','6','http://v.qq.com/page/v/r/h/v0501j48yrh.html','http://vpic.video.qq.com/39851877/v0501j48yrh_160_90_3.jpg','','德古拉Dracula','','2017-05-10','','','17:56','','本期德古拉为大家带来钻石局露娜第一视角实战攻略，从来都是逆风翻盘，手不抖心不慌，温水煮青蛙！',now()),('2411484295713034649','王者排位日志【137】荣耀王者局杨戬6分钟15杀拆水晶！','12','6','http://v.qq.com/page/t/3/0/t0501x71j30.html','http://vpic.video.qq.com/11111527/t0501x71j30_160_90_3.jpg','','德古拉Dracula','','2017-05-10','','','06:26','','本期德古拉为大家带来荣耀王者局杨戬第一视角实战攻略，一个起飞的杨戬就是杀神，死磕越塔样样精通，6分钟15杀拆水晶傲视天下！',now()),('1660950417539763950','王者荣耀德古拉解说：极限攻速鲁班七号站桩横扫一切！','12','6','http://v.qq.com/page/p/2/q/p0501e2692q.html','http://vpic.video.qq.com/1888639/p0501e2692q_160_90_3.jpg','','德古拉Dracula','','2017-05-10','','','12:28','','本期德古拉为大家带来5V5匹配鲁班七号第一视角实战攻略，只要攻速跟的上，见什么打什么没毛病！',now()),('15140854803521687912','王者荣耀德古拉解说：王者局大逆风韩信的彪悍人生！','12','6','http://v.qq.com/page/h/m/s/h0501fu9ums.html','http://vpic.video.qq.com/961495/h0501fu9ums_160_90_3.jpg','','德古拉Dracula','','2017-05-10','','','13:06','','本期德古拉为大家带来王者局韩信第一视角实战攻略，逆风也有顺风的战绩和态度，就是队友的玻璃心让我心碎！',now()),('10054646173888789926','王者荣耀德古拉解说：扁鹊火焰山疯狂磨血神级辅助！','12','6','http://v.qq.com/page/j/p/r/j0501xsd0pr.html','http://vpic.video.qq.com/84420561/j0501xsd0pr_160_90_3.jpg','','德古拉Dracula','','2017-05-10','','','06:02','','本期德古拉为大家带来英雄扁鹊火焰山模式第一视角视频，能毒能奶，偷摸输出，我们就是神辅助！',now()),('17269550747319732476','王者荣耀德古拉解说：虞姬大乱斗精准预判极限24杀！','12','6','http://v.qq.com/page/s/e/9/s0501gv3te9.html','http://vpic.video.qq.com/78129147/s0501gv3te9_160_90_3.jpg','','德古拉Dracula','','2017-05-10','','','13:13','','本期德古拉为大家带来英雄虞姬大乱斗模式第一视角视频，神射手24杀，打得对面那叫一个肝颤！',now()),
2017-05-23 01:10:28,117   INFO  MainThread   connectionpool.py   264:       _new_conn|| Starting new HTTP connection (1): dev-proxy.oa.com
2017-05-23 01:10:28,276   INFO  MainThread   db_wrapper.py    30:       __connect|| suc connect to mysql, config={'passwd': 'zheng', 'host': '127.0.0.1', 'charset': 'utf8', 'db': 'd_ugc_video', 'user': 'root'}
2017-05-23 01:10:28,277  ERROR  MainThread   db_wrapper.py    63:     execute_sql|| Traceback (most recent call last):
  File "../common/db_wrapper.py", line 60, in execute_sql
    affect = cursor.execute(sql)
  File "/usr/lib/python2.7/dist-packages/MySQLdb/cursors.py", line 174, in execute
    self.errorhandler(self, exc, value)
  File "/usr/lib/python2.7/dist-packages/MySQLdb/connections.py", line 36, in defaulterrorhandler
    raise errorclass, errorvalue
ProgrammingError: (1064, "You have an error in your SQL syntax; check the manual that corresponds to your MySQL server version for the right syntax to use near 'ON DUPLICATE KEY UPDATE c_id = values(c_id)' at line 1")

2017-05-23 01:10:28,277  ERROR  MainThread   db_wrapper.py    64:     execute_sql|| execute sql=insert into t_book_info (c_ugc_video_id,c_title,c_play_site_id,c_channel_id,c_play_url,c_poster_url,c_episode,c_uploader,c_uploader_url,c_upload_time,c_tag,c_play_amount,c_duration,c_resolution,c_description,c_create_time) values('18182245151956097656','王者荣耀德古拉解说：刘备拼命打法硬冲后排搏命流','12','6','http://v.qq.com/page/q/4/k/q0505c5kr4k.html','http://vpic.video.qq.com/37492431/q0505c5kr4k_160_90_3.jpg','','德古拉Dracula','','2017-05-20','','','14:51','','本期德古拉为大家带来王者局刘备第一视角实战攻略，强行上分，靠的事勇猛无敌！',now()), ('5488884426684020986','王者荣耀德古拉解说：牛魔王者排位隔断战场以多欺少','12','6','http://v.qq.com/page/t/1/c/t05056gwm1c.html','http://vpic.video.qq.com/58523219/t05056gwm1c_160_90_3.jpg','','德古拉Dracula','','2017-05-20','','','14:04','','本期德古拉为大家带来王者局牛魔第一视角实战攻略，大招隔断战场，以多胜少就是省事！',now()), ('18434522980528272932','王者荣耀德古拉解说：杨戬速推残血开团身体好才是真的好','12','6','http://v.qq.com/page/e/p/c/e0502mcbupc.html','http://vpic.video.qq.com/24102406/e0502mcbupc_160_90_3.jpg','','德古拉Dracula','','2017-05-14','','','08:10','','本期德古拉为大家带来英雄杨戬战队赛第一视角视频，凯瑞不起来也要强上，这气势！',now()), ('14200115126767517757','王者荣耀德古拉解说：墨子攻装一炮封神各种秒杀','12','6','http://v.qq.com/page/i/q/k/i050267ixqk.html','http://vpic.video.qq.com/79577306/i050267ixqk_160_90_3.jpg','','德古拉Dracula','','2017-05-14','','','14:29','','本期德古拉为大家带来钻石局墨子第一视角实战攻略，炮神就有气势，一炮半血没毛病！',now()), ('17833735645539091551','王者荣耀德古拉解说：成吉思汗战队赛暴击破甲一路封神','12','6','http://v.qq.com/page/p/2/v/p0502e5k62v.html','http://vpic.video.qq.com/98815770/p0502e5k62v_160_90_3.jpg','','德古拉Dracula','','2017-05-13','','','13:44','','本期德古拉为大家带来战队赛成吉思汗第一视角实战攻略，暴击强上打的是节奏！',now()), ('1869131949418569684','王者荣耀德古拉解说：橘右京火焰山强控主宰大火球致胜','12','6','http://v.qq.com/page/r/y/0/r05022plsy0.html','http://vpic.video.qq.com/52908291/r05022plsy0_160_90_3.jpg','','德古拉Dracula','','2017-05-13','','','05:16','','本期德古拉为大家带来英雄橘右京火焰山模式第一视角视频，只要火球拿的稳，根本不会输！',now()), ('9501665633147256974','王者排位日志140杨戬排位三眼战神力挑二爷！','12','6','http://v.qq.com/page/v/t/f/v05027sowtf.html','http://vpic.video.qq.com/12102247/v05027sowtf_160_90_3.jpg','','德古拉Dracula','','2017-05-12','','','09:32','','本期德古拉为大家带来王者局杨戬第一视角实战攻略，不死战神就是刚，咬住就是死！',now()), ('7912241033685265297','王者荣耀德古拉解说：辅助关羽策马奔腾强势躺赢！','12','6','http://v.qq.com/page/p/l/v/p0502uk8tlv.html','http://vpic.video.qq.com/87258437/p0502uk8tlv_160_90_3.jpg','','德古拉Dracula','','2017-05-12','','','10:16','','本期德古拉为大家带来王者局关羽第一视角实战攻略，前期被血虐，后期狂捡头！',now()), ('2646784511118139920','王者荣耀德古拉解说：太乙真人辅助炸人翻盘利器就是他！','12','6','http://v.qq.com/page/n/k/m/n0502iowgkm.html','http://vpic.video.qq.com/44703651/n0502iowgkm_160_90_3.jpg','','德古拉Dracula','','2017-05-12','','','14:40','','本期德古拉为大家带来王者局太乙真人第一视角实战攻略，强势辅助，神挡杀神！',now()), ('13460164662928707499','王者荣耀德古拉解说：露娜半肉强行切后秒杀一切！','12','6','http://v.qq.com/page/p/r/z/p05026uq6rz.html','http://vpic.video.qq.com/35568981/p05026uq6rz_160_90_3.jpg','','德古拉Dracula','','2017-05-12','','','20:08','','本期德古拉为大家带来钻石局露娜第一视角实战攻略，慢工出细活，直切后排的快感！',now()), ('10186101031769858761','王者荣耀德古拉解说：狄仁杰火焰山攻速玩命甩飞镖！','12','6','http://v.qq.com/page/j/1/4/j05028wsb14.html','http://vpic.video.qq.com/71525722/j05028wsb14_160_90_3.jpg','','德古拉Dracula','','2017-05-11','','','05:21','','本期德古拉为大家带来英雄狄仁杰火焰山模式第一视角视频，一顿乱射巧拿MVP！',now()), ('12707159732409096032','王者荣耀德古拉解说：甄姬乱斗弹弹球冰爽到极致！','12','6','http://v.qq.com/page/l/x/5/l0502bwzgx5.html','http://vpic.video.qq.com/427866/l0502bwzgx5_160_90_3.jpg','','德古拉Dracula','','2017-05-11','','','06:32','','本期德古拉为大家带来英雄甄姬大乱斗模式第一视角视频，全程冰冻，享受极致快感！',now()), ('5030199542330366292','王者排位日志138王者晋级赛兰陵王大杀四方极限阴人！','12','6','http://v.qq.com/page/b/c/b/b0502b3ewcb.html','http://vpic.video.qq.com/19429407/b0502b3ewcb_160_90_3.jpg','','德古拉Dracula','','2017-05-11','','','09:14','','本期德古拉为大家带来王者晋级赛兰陵王第一视角实战攻略，实战阴人，打到敌人内心崩溃！',now()), ('1849853752604445819','王者荣耀德古拉解说：杨戬狗哥强势越塔浪死塔中！','12','6','http://v.qq.com/page/p/l/j/p0502c3f2lj.html','http://vpic.video.qq.com/17991003/p0502c3f2lj_160_90_3.jpg','','德古拉Dracula','','2017-05-11','','','17:01','','本期德古拉为大家带来王者局杨戬第一视角实战攻略，杨戬王者局的犀利常态，遇人秒人专切后排！',now()), ('11687647031096692644','王者荣耀德古拉解说：半肉李白死磕到底强上高地就是钢！','12','6','http://v.qq.com/page/l/f/7/l0502918yf7.html','http://vpic.video.qq.com/10509451/l0502918yf7_160_90_3.jpg','','德古拉Dracula','','2017-05-11','','','12:57','','本期德古拉为大家带来钻石局李白第一视角实战攻略，半肉李白一样输出给力，而且能抗伤害！',now()), ('5002332261720913880','王者荣耀德古拉解说：钢猛花木兰以身挡塔一波上！','12','6','http://v.qq.com/page/k/l/j/k0502qjmllj.html','http://vpic.video.qq.com/34134268/k0502qjmllj_160_90_3.jpg','','德古拉Dracula','','2017-05-11','','','12:16','','本期德古拉为大家带来钻石局花木兰第一视角实战攻略，越塔强杀就为了上高地拆水晶！',now()), ('11502841856843547064','王者荣耀德古拉解说：宫本大乱斗以命搏命凶猛异常！','12','6','http://v.qq.com/page/s/3/q/s05013x193q.html','http://vpic.video.qq.com/45322834/s05013x193q_160_90_3.jpg','','德古拉Dracula','','2017-05-10','','','08:59','','本期德古拉为大家带来英雄宫本大乱斗模式第一视角视频，为了速推只能以命搏命的打法了！',now()), ('4396510679480960244','王者荣耀德古拉解说：张飞火焰山罩盾打辅助依旧很犀利！','12','6','http://v.qq.com/page/h/3/k/h0501hss23k.html','http://vpic.video.qq.com/78869900/h0501hss23k_160_90_3.jpg','','德古拉Dracula','','2017-05-10','','','05:13','','本期德古拉为大家带来英雄张飞火焰山模式第一视角视频，神级辅助罩盾也能拿到MVP！',now()), ('3704967623507890542','王者荣耀德古拉解说：逆风露娜绝地反击从来不怂！','12','6','http://v.qq.com/page/v/r/h/v0501j48yrh.html','http://vpic.video.qq.com/39851877/v0501j48yrh_160_90_3.jpg','','德古拉Dracula','','2017-05-10','','','17:56','','本期德古拉为大家带来钻石局露娜第一视角实战攻略，从来都是逆风翻盘，手不抖心不慌，温水煮青蛙！',now()), ('2411484295713034649','王者排位日志【137】荣耀王者局杨戬6分钟15杀拆水晶！','12','6','http://v.qq.com/page/t/3/0/t0501x71j30.html','http://vpic.video.qq.com/11111527/t0501x71j30_160_90_3.jpg','','德古拉Dracula','','2017-05-10','','','06:26','','本期德古拉为大家带来荣耀王者局杨戬第一视角实战攻略，一个起飞的杨戬就是杀神，死磕越塔样样精通，6分钟15杀拆水晶傲视天下！',now()), ('1660950417539763950','王者荣耀德古拉解说：极限攻速鲁班七号站桩横扫一切！','12','6','http://v.qq.com/page/p/2/q/p0501e2692q.html','http://vpic.video.qq.com/1888639/p0501e2692q_160_90_3.jpg','','德古拉Dracula','','2017-05-10','','','12:28','','本期德古拉为大家带来5V5匹配鲁班七号第一视角实战攻略，只要攻速跟的上，见什么打什么没毛病！',now()), ('15140854803521687912','王者荣耀德古拉解说：王者局大逆风韩信的彪悍人生！','12','6','http://v.qq.com/page/h/m/s/h0501fu9ums.html','http://vpic.video.qq.com/961495/h0501fu9ums_160_90_3.jpg','','德古拉Dracula','','2017-05-10','','','13:06','','本期德古拉为大家带来王者局韩信第一视角实战攻略，逆风也有顺风的战绩和态度，就是队友的玻璃心让我心碎！',now()), ('10054646173888789926','王者荣耀德古拉解说：扁鹊火焰山疯狂磨血神级辅助！','12','6','http://v.qq.com/page/j/p/r/j0501xsd0pr.html','http://vpic.video.qq.com/84420561/j0501xsd0pr_160_90_3.jpg','','德古拉Dracula','','2017-05-10','','','06:02','','本期德古拉为大家带来英雄扁鹊火焰山模式第一视角视频，能毒能奶，偷摸输出，我们就是神辅助！',now()), ('17269550747319732476','王者荣耀德古拉解说：虞姬大乱斗精准预判极限24杀！','12','6','http://v.qq.com/page/s/e/9/s0501gv3te9.html','http://vpic.video.qq.com/78129147/s0501gv3te9_160_90_3.jpg','','德古拉Dracula','','2017-05-10','','','13:13','','本期德古拉为大家带来英雄虞姬大乱斗模式第一视角视频，神射手24杀，打得对面那叫一个肝颤！',now()),ON DUPLICATE KEY UPDATE c_id = values(c_id)
2017-05-23 01:10:45,786   INFO  MainThread   connectionpool.py   264:       _new_conn|| Starting new HTTP connection (1): dev-proxy.oa.com
2017-05-23 01:10:45,933   INFO  MainThread   db_wrapper.py    30:       __connect|| suc connect to mysql, config={'passwd': 'zheng', 'host': '127.0.0.1', 'charset': 'utf8', 'db': 'd_ugc_video', 'user': 'root'}
2017-05-23 01:10:45,935  ERROR  MainThread   db_wrapper.py    63:     execute_sql|| Traceback (most recent call last):
  File "../common/db_wrapper.py", line 60, in execute_sql
    affect = cursor.execute(sql)
  File "/usr/lib/python2.7/dist-packages/MySQLdb/cursors.py", line 174, in execute
    self.errorhandler(self, exc, value)
  File "/usr/lib/python2.7/dist-packages/MySQLdb/connections.py", line 36, in defaulterrorhandler
    raise errorclass, errorvalue
ProgrammingError: (1146, "Table 'd_ugc_video.t_book_info' doesn't exist")

2017-05-23 01:10:45,935  ERROR  MainThread   db_wrapper.py    64:     execute_sql|| execute sql=insert into t_book_info (c_ugc_video_id,c_title,c_play_site_id,c_channel_id,c_play_url,c_poster_url,c_episode,c_uploader,c_uploader_url,c_upload_time,c_tag,c_play_amount,c_duration,c_resolution,c_description,c_create_time) values('18182245151956097656','王者荣耀德古拉解说：刘备拼命打法硬冲后排搏命流','12','6','http://v.qq.com/page/q/4/k/q0505c5kr4k.html','http://vpic.video.qq.com/37492431/q0505c5kr4k_160_90_3.jpg','','德古拉Dracula','','2017-05-20','','','14:51','','本期德古拉为大家带来王者局刘备第一视角实战攻略，强行上分，靠的事勇猛无敌！',now()),('5488884426684020986','王者荣耀德古拉解说：牛魔王者排位隔断战场以多欺少','12','6','http://v.qq.com/page/t/1/c/t05056gwm1c.html','http://vpic.video.qq.com/58523219/t05056gwm1c_160_90_3.jpg','','德古拉Dracula','','2017-05-20','','','14:04','','本期德古拉为大家带来王者局牛魔第一视角实战攻略，大招隔断战场，以多胜少就是省事！',now()),('18434522980528272932','王者荣耀德古拉解说：杨戬速推残血开团身体好才是真的好','12','6','http://v.qq.com/page/e/p/c/e0502mcbupc.html','http://vpic.video.qq.com/24102406/e0502mcbupc_160_90_3.jpg','','德古拉Dracula','','2017-05-14','','','08:10','','本期德古拉为大家带来英雄杨戬战队赛第一视角视频，凯瑞不起来也要强上，这气势！',now()),('14200115126767517757','王者荣耀德古拉解说：墨子攻装一炮封神各种秒杀','12','6','http://v.qq.com/page/i/q/k/i050267ixqk.html','http://vpic.video.qq.com/79577306/i050267ixqk_160_90_3.jpg','','德古拉Dracula','','2017-05-14','','','14:29','','本期德古拉为大家带来钻石局墨子第一视角实战攻略，炮神就有气势，一炮半血没毛病！',now()),('17833735645539091551','王者荣耀德古拉解说：成吉思汗战队赛暴击破甲一路封神','12','6','http://v.qq.com/page/p/2/v/p0502e5k62v.html','http://vpic.video.qq.com/98815770/p0502e5k62v_160_90_3.jpg','','德古拉Dracula','','2017-05-13','','','13:44','','本期德古拉为大家带来战队赛成吉思汗第一视角实战攻略，暴击强上打的是节奏！',now()),('1869131949418569684','王者荣耀德古拉解说：橘右京火焰山强控主宰大火球致胜','12','6','http://v.qq.com/page/r/y/0/r05022plsy0.html','http://vpic.video.qq.com/52908291/r05022plsy0_160_90_3.jpg','','德古拉Dracula','','2017-05-13','','','05:16','','本期德古拉为大家带来英雄橘右京火焰山模式第一视角视频，只要火球拿的稳，根本不会输！',now()),('9501665633147256974','王者排位日志140杨戬排位三眼战神力挑二爷！','12','6','http://v.qq.com/page/v/t/f/v05027sowtf.html','http://vpic.video.qq.com/12102247/v05027sowtf_160_90_3.jpg','','德古拉Dracula','','2017-05-12','','','09:32','','本期德古拉为大家带来王者局杨戬第一视角实战攻略，不死战神就是刚，咬住就是死！',now()),('7912241033685265297','王者荣耀德古拉解说：辅助关羽策马奔腾强势躺赢！','12','6','http://v.qq.com/page/p/l/v/p0502uk8tlv.html','http://vpic.video.qq.com/87258437/p0502uk8tlv_160_90_3.jpg','','德古拉Dracula','','2017-05-12','','','10:16','','本期德古拉为大家带来王者局关羽第一视角实战攻略，前期被血虐，后期狂捡头！',now()),('2646784511118139920','王者荣耀德古拉解说：太乙真人辅助炸人翻盘利器就是他！','12','6','http://v.qq.com/page/n/k/m/n0502iowgkm.html','http://vpic.video.qq.com/44703651/n0502iowgkm_160_90_3.jpg','','德古拉Dracula','','2017-05-12','','','14:40','','本期德古拉为大家带来王者局太乙真人第一视角实战攻略，强势辅助，神挡杀神！',now()),('13460164662928707499','王者荣耀德古拉解说：露娜半肉强行切后秒杀一切！','12','6','http://v.qq.com/page/p/r/z/p05026uq6rz.html','http://vpic.video.qq.com/35568981/p05026uq6rz_160_90_3.jpg','','德古拉Dracula','','2017-05-12','','','20:08','','本期德古拉为大家带来钻石局露娜第一视角实战攻略，慢工出细活，直切后排的快感！',now()),('10186101031769858761','王者荣耀德古拉解说：狄仁杰火焰山攻速玩命甩飞镖！','12','6','http://v.qq.com/page/j/1/4/j05028wsb14.html','http://vpic.video.qq.com/71525722/j05028wsb14_160_90_3.jpg','','德古拉Dracula','','2017-05-11','','','05:21','','本期德古拉为大家带来英雄狄仁杰火焰山模式第一视角视频，一顿乱射巧拿MVP！',now()),('12707159732409096032','王者荣耀德古拉解说：甄姬乱斗弹弹球冰爽到极致！','12','6','http://v.qq.com/page/l/x/5/l0502bwzgx5.html','http://vpic.video.qq.com/427866/l0502bwzgx5_160_90_3.jpg','','德古拉Dracula','','2017-05-11','','','06:32','','本期德古拉为大家带来英雄甄姬大乱斗模式第一视角视频，全程冰冻，享受极致快感！',now()),('5030199542330366292','王者排位日志138王者晋级赛兰陵王大杀四方极限阴人！','12','6','http://v.qq.com/page/b/c/b/b0502b3ewcb.html','http://vpic.video.qq.com/19429407/b0502b3ewcb_160_90_3.jpg','','德古拉Dracula','','2017-05-11','','','09:14','','本期德古拉为大家带来王者晋级赛兰陵王第一视角实战攻略，实战阴人，打到敌人内心崩溃！',now()),('1849853752604445819','王者荣耀德古拉解说：杨戬狗哥强势越塔浪死塔中！','12','6','http://v.qq.com/page/p/l/j/p0502c3f2lj.html','http://vpic.video.qq.com/17991003/p0502c3f2lj_160_90_3.jpg','','德古拉Dracula','','2017-05-11','','','17:01','','本期德古拉为大家带来王者局杨戬第一视角实战攻略，杨戬王者局的犀利常态，遇人秒人专切后排！',now()),('11687647031096692644','王者荣耀德古拉解说：半肉李白死磕到底强上高地就是钢！','12','6','http://v.qq.com/page/l/f/7/l0502918yf7.html','http://vpic.video.qq.com/10509451/l0502918yf7_160_90_3.jpg','','德古拉Dracula','','2017-05-11','','','12:57','','本期德古拉为大家带来钻石局李白第一视角实战攻略，半肉李白一样输出给力，而且能抗伤害！',now()),('5002332261720913880','王者荣耀德古拉解说：钢猛花木兰以身挡塔一波上！','12','6','http://v.qq.com/page/k/l/j/k0502qjmllj.html','http://vpic.video.qq.com/34134268/k0502qjmllj_160_90_3.jpg','','德古拉Dracula','','2017-05-11','','','12:16','','本期德古拉为大家带来钻石局花木兰第一视角实战攻略，越塔强杀就为了上高地拆水晶！',now()),('11502841856843547064','王者荣耀德古拉解说：宫本大乱斗以命搏命凶猛异常！','12','6','http://v.qq.com/page/s/3/q/s05013x193q.html','http://vpic.video.qq.com/45322834/s05013x193q_160_90_3.jpg','','德古拉Dracula','','2017-05-10','','','08:59','','本期德古拉为大家带来英雄宫本大乱斗模式第一视角视频，为了速推只能以命搏命的打法了！',now()),('4396510679480960244','王者荣耀德古拉解说：张飞火焰山罩盾打辅助依旧很犀利！','12','6','http://v.qq.com/page/h/3/k/h0501hss23k.html','http://vpic.video.qq.com/78869900/h0501hss23k_160_90_3.jpg','','德古拉Dracula','','2017-05-10','','','05:13','','本期德古拉为大家带来英雄张飞火焰山模式第一视角视频，神级辅助罩盾也能拿到MVP！',now()),('3704967623507890542','王者荣耀德古拉解说：逆风露娜绝地反击从来不怂！','12','6','http://v.qq.com/page/v/r/h/v0501j48yrh.html','http://vpic.video.qq.com/39851877/v0501j48yrh_160_90_3.jpg','','德古拉Dracula','','2017-05-10','','','17:56','','本期德古拉为大家带来钻石局露娜第一视角实战攻略，从来都是逆风翻盘，手不抖心不慌，温水煮青蛙！',now()),('2411484295713034649','王者排位日志【137】荣耀王者局杨戬6分钟15杀拆水晶！','12','6','http://v.qq.com/page/t/3/0/t0501x71j30.html','http://vpic.video.qq.com/11111527/t0501x71j30_160_90_3.jpg','','德古拉Dracula','','2017-05-10','','','06:26','','本期德古拉为大家带来荣耀王者局杨戬第一视角实战攻略，一个起飞的杨戬就是杀神，死磕越塔样样精通，6分钟15杀拆水晶傲视天下！',now()),('1660950417539763950','王者荣耀德古拉解说：极限攻速鲁班七号站桩横扫一切！','12','6','http://v.qq.com/page/p/2/q/p0501e2692q.html','http://vpic.video.qq.com/1888639/p0501e2692q_160_90_3.jpg','','德古拉Dracula','','2017-05-10','','','12:28','','本期德古拉为大家带来5V5匹配鲁班七号第一视角实战攻略，只要攻速跟的上，见什么打什么没毛病！',now()),('15140854803521687912','王者荣耀德古拉解说：王者局大逆风韩信的彪悍人生！','12','6','http://v.qq.com/page/h/m/s/h0501fu9ums.html','http://vpic.video.qq.com/961495/h0501fu9ums_160_90_3.jpg','','德古拉Dracula','','2017-05-10','','','13:06','','本期德古拉为大家带来王者局韩信第一视角实战攻略，逆风也有顺风的战绩和态度，就是队友的玻璃心让我心碎！',now()),('10054646173888789926','王者荣耀德古拉解说：扁鹊火焰山疯狂磨血神级辅助！','12','6','http://v.qq.com/page/j/p/r/j0501xsd0pr.html','http://vpic.video.qq.com/84420561/j0501xsd0pr_160_90_3.jpg','','德古拉Dracula','','2017-05-10','','','06:02','','本期德古拉为大家带来英雄扁鹊火焰山模式第一视角视频，能毒能奶，偷摸输出，我们就是神辅助！',now()),('17269550747319732476','王者荣耀德古拉解说：虞姬大乱斗精准预判极限24杀！','12','6','http://v.qq.com/page/s/e/9/s0501gv3te9.html','http://vpic.video.qq.com/78129147/s0501gv3te9_160_90_3.jpg','','德古拉Dracula','','2017-05-10','','','13:13','','本期德古拉为大家带来英雄虞姬大乱斗模式第一视角视频，神射手24杀，打得对面那叫一个肝颤！',now())ON DUPLICATE KEY UPDATE c_id = values(c_id)
2017-05-23 01:11:11,284   INFO  MainThread   connectionpool.py   264:       _new_conn|| Starting new HTTP connection (1): dev-proxy.oa.com
2017-05-23 01:11:11,384   INFO  MainThread   db_wrapper.py    30:       __connect|| suc connect to mysql, config={'passwd': 'zheng', 'host': '127.0.0.1', 'charset': 'utf8', 'db': 'd_ugc_video', 'user': 'root'}
2017-05-23 01:11:11,385  ERROR  MainThread   db_wrapper.py    63:     execute_sql|| Traceback (most recent call last):
  File "../common/db_wrapper.py", line 60, in execute_sql
    affect = cursor.execute(sql)
  File "/usr/lib/python2.7/dist-packages/MySQLdb/cursors.py", line 174, in execute
    self.errorhandler(self, exc, value)
  File "/usr/lib/python2.7/dist-packages/MySQLdb/connections.py", line 36, in defaulterrorhandler
    raise errorclass, errorvalue
ProgrammingError: (1146, "Table 'd_ugc_video.t_book_info' doesn't exist")

2017-05-23 01:11:11,385  ERROR  MainThread   db_wrapper.py    64:     execute_sql|| execute sql=insert into t_book_info (c_ugc_video_id,c_title,c_play_site_id,c_channel_id,c_play_url,c_poster_url,c_episode,c_uploader,c_uploader_url,c_upload_time,c_tag,c_play_amount,c_duration,c_resolution,c_description,c_create_time) values('18182245151956097656','王者荣耀德古拉解说：刘备拼命打法硬冲后排搏命流','12','6','http://v.qq.com/page/q/4/k/q0505c5kr4k.html','http://vpic.video.qq.com/37492431/q0505c5kr4k_160_90_3.jpg','','德古拉Dracula','','2017-05-20','','','14:51','','本期德古拉为大家带来王者局刘备第一视角实战攻略，强行上分，靠的事勇猛无敌！',now())ON DUPLICATE KEY UPDATE c_id = values(c_id)
2017-05-23 01:11:49,218   INFO  MainThread   connectionpool.py   264:       _new_conn|| Starting new HTTP connection (1): dev-proxy.oa.com
2017-05-23 01:11:49,377   INFO  MainThread   db_wrapper.py    30:       __connect|| suc connect to mysql, config={'passwd': 'zheng', 'host': '127.0.0.1', 'charset': 'utf8', 'db': 'd_ugc_video', 'user': 'root'}
2017-05-23 01:11:49,380  ERROR  MainThread   db_wrapper.py    63:     execute_sql|| Traceback (most recent call last):
  File "../common/db_wrapper.py", line 60, in execute_sql
    affect = cursor.execute(sql)
  File "/usr/lib/python2.7/dist-packages/MySQLdb/cursors.py", line 174, in execute
    self.errorhandler(self, exc, value)
  File "/usr/lib/python2.7/dist-packages/MySQLdb/connections.py", line 36, in defaulterrorhandler
    raise errorclass, errorvalue
OperationalError: (1054, "Unknown column 'c_create_time' in 'field list'")

2017-05-23 01:11:49,380  ERROR  MainThread   db_wrapper.py    64:     execute_sql|| execute sql=insert into t_ugc_video(c_ugc_video_id,c_title,c_play_site_id,c_channel_id,c_play_url,c_poster_url,c_episode,c_uploader,c_uploader_url,c_upload_time,c_tag,c_play_amount,c_duration,c_resolution,c_description,c_create_time) values('18182245151956097656','王者荣耀德古拉解说：刘备拼命打法硬冲后排搏命流','12','6','http://v.qq.com/page/q/4/k/q0505c5kr4k.html','http://vpic.video.qq.com/37492431/q0505c5kr4k_160_90_3.jpg','','德古拉Dracula','','2017-05-20','','','14:51','','本期德古拉为大家带来王者局刘备第一视角实战攻略，强行上分，靠的事勇猛无敌！',now())ON DUPLICATE KEY UPDATE c_id = values(c_id)
2017-05-23 01:12:19,042   INFO  MainThread   connectionpool.py   264:       _new_conn|| Starting new HTTP connection (1): dev-proxy.oa.com
2017-05-23 01:12:19,136   INFO  MainThread   db_wrapper.py    30:       __connect|| suc connect to mysql, config={'passwd': 'zheng', 'host': '127.0.0.1', 'charset': 'utf8', 'db': 'd_ugc_video', 'user': 'root'}
2017-05-23 01:13:56,531   INFO  MainThread   connectionpool.py   264:       _new_conn|| Starting new HTTP connection (1): dev-proxy.oa.com
2017-05-23 01:13:56,630   INFO  MainThread   db_wrapper.py    30:       __connect|| suc connect to mysql, config={'passwd': 'zheng', 'host': '127.0.0.1', 'charset': 'utf8', 'db': 'd_ugc_video', 'user': 'root'}
2017-05-23 01:13:56,646   INFO  MainThread   connectionpool.py   264:       _new_conn|| Starting new HTTP connection (1): dev-proxy.oa.com
2017-05-23 01:13:56,775   INFO  MainThread   connectionpool.py   264:       _new_conn|| Starting new HTTP connection (1): dev-proxy.oa.com
2017-05-23 01:13:57,643   INFO  MainThread   connectionpool.py   264:       _new_conn|| Starting new HTTP connection (1): dev-proxy.oa.com
2017-05-23 01:13:58,033   INFO  MainThread   connectionpool.py   264:       _new_conn|| Starting new HTTP connection (1): dev-proxy.oa.com
2017-05-23 01:14:01,230   INFO  MainThread   connectionpool.py   264:       _new_conn|| Starting new HTTP connection (1): dev-proxy.oa.com
2017-05-23 01:14:18,545   INFO  MainThread   connectionpool.py   264:       _new_conn|| Starting new HTTP connection (1): dev-proxy.oa.com
2017-05-23 01:14:18,724   INFO  MainThread   db_wrapper.py    30:       __connect|| suc connect to mysql, config={'passwd': 'zheng', 'host': '127.0.0.1', 'charset': 'utf8', 'db': 'd_ugc_video', 'user': 'root'}
2017-05-23 01:14:18,747   INFO  MainThread   connectionpool.py   264:       _new_conn|| Starting new HTTP connection (1): dev-proxy.oa.com
2017-05-23 01:14:18,891   INFO  MainThread   connectionpool.py   264:       _new_conn|| Starting new HTTP connection (1): dev-proxy.oa.com
2017-05-23 01:14:19,091   INFO  MainThread   connectionpool.py   264:       _new_conn|| Starting new HTTP connection (1): dev-proxy.oa.com
2017-05-23 01:14:19,301   INFO  MainThread   connectionpool.py   264:       _new_conn|| Starting new HTTP connection (1): dev-proxy.oa.com
2017-05-23 01:14:19,450   INFO  MainThread   connectionpool.py   264:       _new_conn|| Starting new HTTP connection (1): dev-proxy.oa.com
2017-05-23 01:14:19,559   INFO  MainThread   connectionpool.py   264:       _new_conn|| Starting new HTTP connection (1): dev-proxy.oa.com
2017-05-23 01:14:19,699   INFO  MainThread   connectionpool.py   264:       _new_conn|| Starting new HTTP connection (1): dev-proxy.oa.com
2017-05-23 01:14:19,896   INFO  MainThread   connectionpool.py   264:       _new_conn|| Starting new HTTP connection (1): dev-proxy.oa.com
2017-05-23 01:14:20,085   INFO  MainThread   connectionpool.py   264:       _new_conn|| Starting new HTTP connection (1): dev-proxy.oa.com
2017-05-23 01:14:20,328   INFO  MainThread   connectionpool.py   264:       _new_conn|| Starting new HTTP connection (1): dev-proxy.oa.com
2017-05-23 01:14:20,511   INFO  MainThread   connectionpool.py   264:       _new_conn|| Starting new HTTP connection (1): dev-proxy.oa.com
2017-05-23 01:14:20,707   INFO  MainThread   connectionpool.py   264:       _new_conn|| Starting new HTTP connection (1): dev-proxy.oa.com
2017-05-23 01:14:20,947   INFO  MainThread   connectionpool.py   264:       _new_conn|| Starting new HTTP connection (1): dev-proxy.oa.com
2017-05-23 01:14:21,118   INFO  MainThread   connectionpool.py   264:       _new_conn|| Starting new HTTP connection (1): dev-proxy.oa.com
2017-05-23 01:14:21,308   INFO  MainThread   connectionpool.py   264:       _new_conn|| Starting new HTTP connection (1): dev-proxy.oa.com
2017-05-23 01:14:21,503   INFO  MainThread   connectionpool.py   264:       _new_conn|| Starting new HTTP connection (1): dev-proxy.oa.com
2017-05-23 01:14:21,734   INFO  MainThread   connectionpool.py   264:       _new_conn|| Starting new HTTP connection (1): dev-proxy.oa.com
2017-05-23 01:14:21,949   INFO  MainThread   connectionpool.py   264:       _new_conn|| Starting new HTTP connection (1): dev-proxy.oa.com
2017-05-23 01:14:22,171   INFO  MainThread   connectionpool.py   264:       _new_conn|| Starting new HTTP connection (1): dev-proxy.oa.com
2017-05-23 01:14:22,453   INFO  MainThread   connectionpool.py   264:       _new_conn|| Starting new HTTP connection (1): dev-proxy.oa.com
2017-05-23 01:14:22,688   INFO  MainThread   connectionpool.py   264:       _new_conn|| Starting new HTTP connection (1): dev-proxy.oa.com
2017-05-23 01:14:22,916   INFO  MainThread   connectionpool.py   264:       _new_conn|| Starting new HTTP connection (1): dev-proxy.oa.com
2017-05-23 01:14:23,223   INFO  MainThread   connectionpool.py   264:       _new_conn|| Starting new HTTP connection (1): dev-proxy.oa.com
2017-05-23 01:14:23,562   INFO  MainThread   connectionpool.py   264:       _new_conn|| Starting new HTTP connection (1): dev-proxy.oa.com
2017-05-23 01:14:23,769   INFO  MainThread   connectionpool.py   264:       _new_conn|| Starting new HTTP connection (1): dev-proxy.oa.com
2017-05-23 01:14:23,976   INFO  MainThread   connectionpool.py   264:       _new_conn|| Starting new HTTP connection (1): dev-proxy.oa.com
2017-05-23 01:14:24,224   INFO  MainThread   connectionpool.py   264:       _new_conn|| Starting new HTTP connection (1): dev-proxy.oa.com
2017-05-23 01:14:24,627   INFO  MainThread   connectionpool.py   264:       _new_conn|| Starting new HTTP connection (1): dev-proxy.oa.com
2017-05-23 01:14:24,978   INFO  MainThread   connectionpool.py   264:       _new_conn|| Starting new HTTP connection (1): dev-proxy.oa.com
2017-05-23 01:14:25,260   INFO  MainThread   connectionpool.py   264:       _new_conn|| Starting new HTTP connection (1): dev-proxy.oa.com
2017-05-23 01:14:25,603   INFO  MainThread   connectionpool.py   264:       _new_conn|| Starting new HTTP connection (1): dev-proxy.oa.com
2017-05-23 01:14:25,896   INFO  MainThread   connectionpool.py   264:       _new_conn|| Starting new HTTP connection (1): dev-proxy.oa.com
2017-05-23 01:14:26,160   INFO  MainThread   connectionpool.py   264:       _new_conn|| Starting new HTTP connection (1): dev-proxy.oa.com
2017-05-23 01:14:26,434   INFO  MainThread   connectionpool.py   264:       _new_conn|| Starting new HTTP connection (1): dev-proxy.oa.com
2017-05-23 01:14:26,806   INFO  MainThread   connectionpool.py   264:       _new_conn|| Starting new HTTP connection (1): dev-proxy.oa.com
2017-05-23 01:14:27,170   INFO  MainThread   connectionpool.py   264:       _new_conn|| Starting new HTTP connection (1): dev-proxy.oa.com
2017-05-23 01:14:27,481   INFO  MainThread   connectionpool.py   264:       _new_conn|| Starting new HTTP connection (1): dev-proxy.oa.com
2017-05-23 01:14:27,868   INFO  MainThread   connectionpool.py   264:       _new_conn|| Starting new HTTP connection (1): dev-proxy.oa.com
2017-05-23 01:14:28,392   INFO  MainThread   connectionpool.py   264:       _new_conn|| Starting new HTTP connection (1): dev-proxy.oa.com
2017-05-23 01:14:28,723   INFO  MainThread   connectionpool.py   264:       _new_conn|| Starting new HTTP connection (1): dev-proxy.oa.com
2017-05-23 01:14:28,948   INFO  MainThread   connectionpool.py   264:       _new_conn|| Starting new HTTP connection (1): dev-proxy.oa.com
2017-05-23 01:14:29,297   INFO  MainThread   connectionpool.py   264:       _new_conn|| Starting new HTTP connection (1): dev-proxy.oa.com
2017-05-23 01:14:29,602   INFO  MainThread   connectionpool.py   264:       _new_conn|| Starting new HTTP connection (1): dev-proxy.oa.com
2017-05-23 01:14:29,930   INFO  MainThread   connectionpool.py   264:       _new_conn|| Starting new HTTP connection (1): dev-proxy.oa.com
2017-05-23 01:14:30,175   INFO  MainThread   connectionpool.py   264:       _new_conn|| Starting new HTTP connection (1): dev-proxy.oa.com
2017-05-23 01:14:30,642   INFO  MainThread   connectionpool.py   264:       _new_conn|| Starting new HTTP connection (1): dev-proxy.oa.com
2017-05-23 01:14:30,990   INFO  MainThread   connectionpool.py   264:       _new_conn|| Starting new HTTP connection (1): dev-proxy.oa.com
2017-05-23 01:14:31,367   INFO  MainThread   connectionpool.py   264:       _new_conn|| Starting new HTTP connection (1): dev-proxy.oa.com
2017-05-23 01:14:31,692   INFO  MainThread   connectionpool.py   264:       _new_conn|| Starting new HTTP connection (1): dev-proxy.oa.com
2017-05-23 01:14:32,081   INFO  MainThread   connectionpool.py   264:       _new_conn|| Starting new HTTP connection (1): dev-proxy.oa.com
2017-05-23 01:14:33,011   INFO  MainThread   connectionpool.py   264:       _new_conn|| Starting new HTTP connection (1): dev-proxy.oa.com
2017-05-23 01:14:33,225   INFO  MainThread   connectionpool.py   264:       _new_conn|| Starting new HTTP connection (1): dev-proxy.oa.com
2017-05-23 01:17:15,167   INFO  MainThread   connectionpool.py   264:       _new_conn|| Starting new HTTP connection (1): dev-proxy.oa.com
2017-05-23 01:17:15,248   INFO  MainThread   db_wrapper.py    30:       __connect|| suc connect to mysql, config={'passwd': 'zheng', 'host': '127.0.0.1', 'charset': 'utf8', 'db': 'd_ugc_video', 'user': 'root'}
2017-05-23 01:17:15,262   INFO  MainThread   connectionpool.py   264:       _new_conn|| Starting new HTTP connection (1): dev-proxy.oa.com
2017-05-23 01:17:15,396   INFO  MainThread   connectionpool.py   264:       _new_conn|| Starting new HTTP connection (1): dev-proxy.oa.com
2017-05-23 01:17:15,561   INFO  MainThread   connectionpool.py   264:       _new_conn|| Starting new HTTP connection (1): dev-proxy.oa.com
2017-05-23 01:17:15,684   INFO  MainThread   connectionpool.py   264:       _new_conn|| Starting new HTTP connection (1): dev-proxy.oa.com
2017-05-23 01:17:15,892   INFO  MainThread   connectionpool.py   264:       _new_conn|| Starting new HTTP connection (1): dev-proxy.oa.com
2017-05-23 01:17:16,178   INFO  MainThread   connectionpool.py   264:       _new_conn|| Starting new HTTP connection (1): dev-proxy.oa.com
2017-05-23 01:17:16,339   INFO  MainThread   connectionpool.py   264:       _new_conn|| Starting new HTTP connection (1): dev-proxy.oa.com
2017-05-23 01:17:16,500   INFO  MainThread   connectionpool.py   264:       _new_conn|| Starting new HTTP connection (1): dev-proxy.oa.com
2017-05-23 01:17:16,701   INFO  MainThread   connectionpool.py   264:       _new_conn|| Starting new HTTP connection (1): dev-proxy.oa.com
2017-05-23 01:17:16,851   INFO  MainThread   connectionpool.py   264:       _new_conn|| Starting new HTTP connection (1): dev-proxy.oa.com
2017-05-23 01:17:17,025   INFO  MainThread   connectionpool.py   264:       _new_conn|| Starting new HTTP connection (1): dev-proxy.oa.com
2017-05-23 01:17:17,219   INFO  MainThread   connectionpool.py   264:       _new_conn|| Starting new HTTP connection (1): dev-proxy.oa.com
2017-05-23 01:17:17,392   INFO  MainThread   connectionpool.py   264:       _new_conn|| Starting new HTTP connection (1): dev-proxy.oa.com
2017-05-23 01:17:17,598   INFO  MainThread   connectionpool.py   264:       _new_conn|| Starting new HTTP connection (1): dev-proxy.oa.com
2017-05-23 01:17:17,889   INFO  MainThread   connectionpool.py   264:       _new_conn|| Starting new HTTP connection (1): dev-proxy.oa.com
2017-05-23 01:17:18,114   INFO  MainThread   connectionpool.py   264:       _new_conn|| Starting new HTTP connection (1): dev-proxy.oa.com
2017-05-23 01:17:18,332   INFO  MainThread   connectionpool.py   264:       _new_conn|| Starting new HTTP connection (1): dev-proxy.oa.com
2017-05-23 01:17:18,505   INFO  MainThread   connectionpool.py   264:       _new_conn|| Starting new HTTP connection (1): dev-proxy.oa.com
2017-05-23 01:17:18,695   INFO  MainThread   connectionpool.py   264:       _new_conn|| Starting new HTTP connection (1): dev-proxy.oa.com
2017-05-23 01:17:18,891   INFO  MainThread   connectionpool.py   264:       _new_conn|| Starting new HTTP connection (1): dev-proxy.oa.com
2017-05-23 01:17:19,137   INFO  MainThread   connectionpool.py   264:       _new_conn|| Starting new HTTP connection (1): dev-proxy.oa.com
2017-05-23 01:17:19,335   INFO  MainThread   connectionpool.py   264:       _new_conn|| Starting new HTTP connection (1): dev-proxy.oa.com
2017-05-23 01:17:19,607   INFO  MainThread   connectionpool.py   264:       _new_conn|| Starting new HTTP connection (1): dev-proxy.oa.com
2017-05-23 01:17:19,850   INFO  MainThread   connectionpool.py   264:       _new_conn|| Starting new HTTP connection (1): dev-proxy.oa.com
2017-05-23 01:17:20,521   INFO  MainThread   connectionpool.py   264:       _new_conn|| Starting new HTTP connection (1): dev-proxy.oa.com
2017-05-23 01:17:20,749   INFO  MainThread   connectionpool.py   264:       _new_conn|| Starting new HTTP connection (1): dev-proxy.oa.com
2017-05-23 01:17:21,004   INFO  MainThread   connectionpool.py   264:       _new_conn|| Starting new HTTP connection (1): dev-proxy.oa.com
2017-05-23 01:17:21,282   INFO  MainThread   connectionpool.py   264:       _new_conn|| Starting new HTTP connection (1): dev-proxy.oa.com
2017-05-23 01:17:21,514   INFO  MainThread   connectionpool.py   264:       _new_conn|| Starting new HTTP connection (1): dev-proxy.oa.com
2017-05-23 01:17:21,828   INFO  MainThread   connectionpool.py   264:       _new_conn|| Starting new HTTP connection (1): dev-proxy.oa.com
2017-05-23 01:17:22,060   INFO  MainThread   connectionpool.py   264:       _new_conn|| Starting new HTTP connection (1): dev-proxy.oa.com
2017-05-23 01:17:22,411   INFO  MainThread   connectionpool.py   264:       _new_conn|| Starting new HTTP connection (1): dev-proxy.oa.com
2017-05-23 01:17:22,678   INFO  MainThread   connectionpool.py   264:       _new_conn|| Starting new HTTP connection (1): dev-proxy.oa.com
2017-05-23 01:17:23,069   INFO  MainThread   connectionpool.py   264:       _new_conn|| Starting new HTTP connection (1): dev-proxy.oa.com
2017-05-23 01:17:23,429   INFO  MainThread   connectionpool.py   264:       _new_conn|| Starting new HTTP connection (1): dev-proxy.oa.com
2017-05-23 01:17:23,719   INFO  MainThread   connectionpool.py   264:       _new_conn|| Starting new HTTP connection (1): dev-proxy.oa.com
2017-05-23 01:17:23,988   INFO  MainThread   connectionpool.py   264:       _new_conn|| Starting new HTTP connection (1): dev-proxy.oa.com
2017-05-23 01:17:24,335   INFO  MainThread   connectionpool.py   264:       _new_conn|| Starting new HTTP connection (1): dev-proxy.oa.com
2017-05-23 01:17:24,761   INFO  MainThread   connectionpool.py   264:       _new_conn|| Starting new HTTP connection (1): dev-proxy.oa.com
2017-05-23 01:17:25,139   INFO  MainThread   connectionpool.py   264:       _new_conn|| Starting new HTTP connection (1): dev-proxy.oa.com
2017-05-23 01:17:25,753   INFO  MainThread   connectionpool.py   264:       _new_conn|| Starting new HTTP connection (1): dev-proxy.oa.com
2017-05-23 01:17:26,113   INFO  MainThread   connectionpool.py   264:       _new_conn|| Starting new HTTP connection (1): dev-proxy.oa.com
2017-05-23 01:17:26,559   INFO  MainThread   connectionpool.py   264:       _new_conn|| Starting new HTTP connection (1): dev-proxy.oa.com
2017-05-23 01:17:26,826   INFO  MainThread   connectionpool.py   264:       _new_conn|| Starting new HTTP connection (1): dev-proxy.oa.com
2017-05-23 01:17:27,036   INFO  MainThread   connectionpool.py   264:       _new_conn|| Starting new HTTP connection (1): dev-proxy.oa.com
2017-05-23 01:17:27,291   INFO  MainThread   connectionpool.py   264:       _new_conn|| Starting new HTTP connection (1): dev-proxy.oa.com
2017-05-23 01:17:27,550   INFO  MainThread   connectionpool.py   264:       _new_conn|| Starting new HTTP connection (1): dev-proxy.oa.com
2017-05-23 01:17:27,904   INFO  MainThread   connectionpool.py   264:       _new_conn|| Starting new HTTP connection (1): dev-proxy.oa.com
2017-05-23 01:17:28,117   INFO  MainThread   connectionpool.py   264:       _new_conn|| Starting new HTTP connection (1): dev-proxy.oa.com
2017-05-23 01:17:28,396   INFO  MainThread   connectionpool.py   264:       _new_conn|| Starting new HTTP connection (1): dev-proxy.oa.com
2017-05-23 01:17:28,730   INFO  MainThread   connectionpool.py   264:       _new_conn|| Starting new HTTP connection (1): dev-proxy.oa.com
2017-05-23 01:17:29,028   INFO  MainThread   connectionpool.py   264:       _new_conn|| Starting new HTTP connection (1): dev-proxy.oa.com
2017-05-23 01:19:47,185   INFO  MainThread   connectionpool.py   264:       _new_conn|| Starting new HTTP connection (1): dev-proxy.oa.com
2017-05-23 01:19:47,349   INFO  MainThread   db_wrapper.py    30:       __connect|| suc connect to mysql, config={'passwd': 'zheng', 'host': '127.0.0.1', 'charset': 'utf8', 'db': 'd_ugc_video', 'user': 'root'}
2017-05-23 01:19:47,363   INFO  MainThread   connectionpool.py   264:       _new_conn|| Starting new HTTP connection (1): dev-proxy.oa.com
2017-05-23 01:19:47,549   INFO  MainThread   connectionpool.py   264:       _new_conn|| Starting new HTTP connection (1): dev-proxy.oa.com
2017-05-23 01:19:47,747   INFO  MainThread   connectionpool.py   264:       _new_conn|| Starting new HTTP connection (1): dev-proxy.oa.com
2017-05-23 01:19:47,957   INFO  MainThread   connectionpool.py   264:       _new_conn|| Starting new HTTP connection (1): dev-proxy.oa.com
2017-05-23 01:19:48,151   INFO  MainThread   connectionpool.py   264:       _new_conn|| Starting new HTTP connection (1): dev-proxy.oa.com
2017-05-23 01:19:48,376   INFO  MainThread   connectionpool.py   264:       _new_conn|| Starting new HTTP connection (1): dev-proxy.oa.com
2017-05-23 01:19:48,563   INFO  MainThread   connectionpool.py   264:       _new_conn|| Starting new HTTP connection (1): dev-proxy.oa.com
2017-05-23 01:19:48,709   INFO  MainThread   connectionpool.py   264:       _new_conn|| Starting new HTTP connection (1): dev-proxy.oa.com
2017-05-23 01:19:48,939   INFO  MainThread   connectionpool.py   264:       _new_conn|| Starting new HTTP connection (1): dev-proxy.oa.com
2017-05-23 01:19:49,153   INFO  MainThread   connectionpool.py   264:       _new_conn|| Starting new HTTP connection (1): dev-proxy.oa.com
2017-05-23 01:19:49,375   INFO  MainThread   connectionpool.py   264:       _new_conn|| Starting new HTTP connection (1): dev-proxy.oa.com
2017-05-23 01:19:49,613   INFO  MainThread   connectionpool.py   264:       _new_conn|| Starting new HTTP connection (1): dev-proxy.oa.com
2017-05-23 01:19:49,817   INFO  MainThread   connectionpool.py   264:       _new_conn|| Starting new HTTP connection (1): dev-proxy.oa.com
2017-05-23 01:19:50,069   INFO  MainThread   connectionpool.py   264:       _new_conn|| Starting new HTTP connection (1): dev-proxy.oa.com
2017-05-23 01:19:50,260   INFO  MainThread   connectionpool.py   264:       _new_conn|| Starting new HTTP connection (1): dev-proxy.oa.com
2017-05-23 01:19:50,863   INFO  MainThread   connectionpool.py   264:       _new_conn|| Starting new HTTP connection (1): dev-proxy.oa.com
2017-05-23 01:19:51,166   INFO  MainThread   connectionpool.py   264:       _new_conn|| Starting new HTTP connection (1): dev-proxy.oa.com
2017-05-23 01:19:51,421   INFO  MainThread   connectionpool.py   264:       _new_conn|| Starting new HTTP connection (1): dev-proxy.oa.com
2017-05-23 01:19:51,687   INFO  MainThread   connectionpool.py   264:       _new_conn|| Starting new HTTP connection (1): dev-proxy.oa.com
2017-05-23 01:19:51,970   INFO  MainThread   connectionpool.py   264:       _new_conn|| Starting new HTTP connection (1): dev-proxy.oa.com
2017-05-23 01:19:52,229   INFO  MainThread   connectionpool.py   264:       _new_conn|| Starting new HTTP connection (1): dev-proxy.oa.com
2017-05-23 01:19:52,576   INFO  MainThread   connectionpool.py   264:       _new_conn|| Starting new HTTP connection (1): dev-proxy.oa.com
2017-05-23 01:19:52,867   INFO  MainThread   connectionpool.py   264:       _new_conn|| Starting new HTTP connection (1): dev-proxy.oa.com
2017-05-23 01:19:53,153   INFO  MainThread   connectionpool.py   264:       _new_conn|| Starting new HTTP connection (1): dev-proxy.oa.com
2017-05-23 01:19:53,388   INFO  MainThread   connectionpool.py   264:       _new_conn|| Starting new HTTP connection (1): dev-proxy.oa.com
2017-05-23 01:19:53,675   INFO  MainThread   connectionpool.py   264:       _new_conn|| Starting new HTTP connection (1): dev-proxy.oa.com
2017-05-23 01:19:53,977   INFO  MainThread   connectionpool.py   264:       _new_conn|| Starting new HTTP connection (1): dev-proxy.oa.com
2017-05-23 01:19:54,189   INFO  MainThread   connectionpool.py   264:       _new_conn|| Starting new HTTP connection (1): dev-proxy.oa.com
2017-05-23 01:19:54,456   INFO  MainThread   connectionpool.py   264:       _new_conn|| Starting new HTTP connection (1): dev-proxy.oa.com
2017-05-23 01:19:54,713   INFO  MainThread   connectionpool.py   264:       _new_conn|| Starting new HTTP connection (1): dev-proxy.oa.com
2017-05-23 01:19:55,112   INFO  MainThread   connectionpool.py   264:       _new_conn|| Starting new HTTP connection (1): dev-proxy.oa.com
2017-05-23 01:19:55,759   INFO  MainThread   connectionpool.py   264:       _new_conn|| Starting new HTTP connection (1): dev-proxy.oa.com
2017-05-23 01:19:56,050   INFO  MainThread   connectionpool.py   264:       _new_conn|| Starting new HTTP connection (1): dev-proxy.oa.com
2017-05-23 01:19:56,370   INFO  MainThread   connectionpool.py   264:       _new_conn|| Starting new HTTP connection (1): dev-proxy.oa.com
2017-05-23 01:19:56,713   INFO  MainThread   connectionpool.py   264:       _new_conn|| Starting new HTTP connection (1): dev-proxy.oa.com
2017-05-23 01:19:56,903   INFO  MainThread   connectionpool.py   264:       _new_conn|| Starting new HTTP connection (1): dev-proxy.oa.com
2017-05-23 01:19:57,251   INFO  MainThread   connectionpool.py   264:       _new_conn|| Starting new HTTP connection (1): dev-proxy.oa.com
2017-05-23 01:19:57,522   INFO  MainThread   connectionpool.py   264:       _new_conn|| Starting new HTTP connection (1): dev-proxy.oa.com
2017-05-23 01:19:57,794   INFO  MainThread   connectionpool.py   264:       _new_conn|| Starting new HTTP connection (1): dev-proxy.oa.com
2017-05-23 01:19:58,108   INFO  MainThread   connectionpool.py   264:       _new_conn|| Starting new HTTP connection (1): dev-proxy.oa.com
2017-05-23 01:19:58,568   INFO  MainThread   connectionpool.py   264:       _new_conn|| Starting new HTTP connection (1): dev-proxy.oa.com
2017-05-23 01:19:58,891   INFO  MainThread   connectionpool.py   264:       _new_conn|| Starting new HTTP connection (1): dev-proxy.oa.com
2017-05-23 01:19:59,180   INFO  MainThread   connectionpool.py   264:       _new_conn|| Starting new HTTP connection (1): dev-proxy.oa.com
2017-05-23 01:19:59,457   INFO  MainThread   connectionpool.py   264:       _new_conn|| Starting new HTTP connection (1): dev-proxy.oa.com
2017-05-23 01:19:59,918   INFO  MainThread   connectionpool.py   264:       _new_conn|| Starting new HTTP connection (1): dev-proxy.oa.com
2017-05-23 01:20:00,876   INFO  MainThread   connectionpool.py   264:       _new_conn|| Starting new HTTP connection (1): dev-proxy.oa.com
2017-05-23 01:20:01,791   INFO  MainThread   connectionpool.py   264:       _new_conn|| Starting new HTTP connection (1): dev-proxy.oa.com
2017-05-23 01:20:02,159   INFO  MainThread   connectionpool.py   264:       _new_conn|| Starting new HTTP connection (1): dev-proxy.oa.com
2017-05-23 01:20:02,682   INFO  MainThread   connectionpool.py   264:       _new_conn|| Starting new HTTP connection (1): dev-proxy.oa.com
2017-05-23 01:20:03,217   INFO  MainThread   connectionpool.py   264:       _new_conn|| Starting new HTTP connection (1): dev-proxy.oa.com
2017-05-23 01:20:03,732   INFO  MainThread   connectionpool.py   264:       _new_conn|| Starting new HTTP connection (1): dev-proxy.oa.com
2017-05-23 01:20:04,112   INFO  MainThread   connectionpool.py   264:       _new_conn|| Starting new HTTP connection (1): dev-proxy.oa.com
2017-05-23 02:00:09,199   INFO  MainThread   connectionpool.py   264:       _new_conn|| Starting new HTTP connection (1): dev-proxy.oa.com
2017-05-23 02:00:09,330   INFO  MainThread   db_wrapper.py    30:       __connect|| suc connect to mysql, config={'passwd': 'zheng', 'host': '127.0.0.1', 'charset': 'utf8', 'db': 'd_ugc_video', 'user': 'root'}
2017-05-23 02:00:09,341   INFO  MainThread   connectionpool.py   264:       _new_conn|| Starting new HTTP connection (1): dev-proxy.oa.com
2017-05-23 02:00:09,498   INFO  MainThread   connectionpool.py   264:       _new_conn|| Starting new HTTP connection (1): dev-proxy.oa.com
2017-05-23 02:00:09,628   INFO  MainThread   connectionpool.py   264:       _new_conn|| Starting new HTTP connection (1): dev-proxy.oa.com
2017-05-23 02:00:09,834   INFO  MainThread   connectionpool.py   264:       _new_conn|| Starting new HTTP connection (1): dev-proxy.oa.com
2017-05-23 02:00:10,002   INFO  MainThread   connectionpool.py   264:       _new_conn|| Starting new HTTP connection (1): dev-proxy.oa.com
2017-05-23 02:00:10,223   INFO  MainThread   connectionpool.py   264:       _new_conn|| Starting new HTTP connection (1): dev-proxy.oa.com
2017-05-23 02:00:10,483   INFO  MainThread   connectionpool.py   264:       _new_conn|| Starting new HTTP connection (1): dev-proxy.oa.com
2017-05-23 02:02:58,601   INFO  MainThread   connectionpool.py   264:       _new_conn|| Starting new HTTP connection (1): dev-proxy.oa.com
2017-05-23 02:02:58,726   INFO  MainThread   db_wrapper.py    30:       __connect|| suc connect to mysql, config={'passwd': 'zheng', 'host': '127.0.0.1', 'charset': 'utf8', 'db': 'd_ugc_video', 'user': 'root'}
2017-05-23 02:02:58,735   INFO  MainThread   connectionpool.py   264:       _new_conn|| Starting new HTTP connection (1): dev-proxy.oa.com
2017-05-23 02:02:58,888   INFO  MainThread   connectionpool.py   264:       _new_conn|| Starting new HTTP connection (1): dev-proxy.oa.com
2017-05-23 02:02:59,006   INFO  MainThread   connectionpool.py   264:       _new_conn|| Starting new HTTP connection (1): dev-proxy.oa.com
2017-05-23 02:02:59,229   INFO  MainThread   connectionpool.py   264:       _new_conn|| Starting new HTTP connection (1): dev-proxy.oa.com
2017-05-23 02:02:59,432   INFO  MainThread   connectionpool.py   264:       _new_conn|| Starting new HTTP connection (1): dev-proxy.oa.com
2017-05-23 02:02:59,891   INFO  MainThread   connectionpool.py   264:       _new_conn|| Starting new HTTP connection (1): dev-proxy.oa.com
2017-05-23 02:03:00,132   INFO  MainThread   connectionpool.py   264:       _new_conn|| Starting new HTTP connection (1): dev-proxy.oa.com
2017-05-23 02:03:00,286   INFO  MainThread   connectionpool.py   264:       _new_conn|| Starting new HTTP connection (1): dev-proxy.oa.com
2017-05-23 02:03:00,454   INFO  MainThread   connectionpool.py   264:       _new_conn|| Starting new HTTP connection (1): dev-proxy.oa.com
2017-05-23 02:03:00,611   INFO  MainThread   connectionpool.py   264:       _new_conn|| Starting new HTTP connection (1): dev-proxy.oa.com
2017-05-23 02:03:00,831   INFO  MainThread   connectionpool.py   264:       _new_conn|| Starting new HTTP connection (1): dev-proxy.oa.com
2017-05-23 02:03:01,064   INFO  MainThread   connectionpool.py   264:       _new_conn|| Starting new HTTP connection (1): dev-proxy.oa.com
2017-05-23 02:03:01,280   INFO  MainThread   connectionpool.py   264:       _new_conn|| Starting new HTTP connection (1): dev-proxy.oa.com
2017-05-23 02:03:01,470   INFO  MainThread   connectionpool.py   264:       _new_conn|| Starting new HTTP connection (1): dev-proxy.oa.com
2017-05-23 02:03:01,639   INFO  MainThread   connectionpool.py   264:       _new_conn|| Starting new HTTP connection (1): dev-proxy.oa.com
2017-05-23 02:03:01,855   INFO  MainThread   connectionpool.py   264:       _new_conn|| Starting new HTTP connection (1): dev-proxy.oa.com
2017-05-23 02:03:02,078   INFO  MainThread   connectionpool.py   264:       _new_conn|| Starting new HTTP connection (1): dev-proxy.oa.com
2017-05-23 02:03:02,266   INFO  MainThread   connectionpool.py   264:       _new_conn|| Starting new HTTP connection (1): dev-proxy.oa.com
2017-05-23 02:03:02,473   INFO  MainThread   connectionpool.py   264:       _new_conn|| Starting new HTTP connection (1): dev-proxy.oa.com
2017-05-23 02:03:02,705   INFO  MainThread   connectionpool.py   264:       _new_conn|| Starting new HTTP connection (1): dev-proxy.oa.com
2017-05-23 02:03:02,941   INFO  MainThread   connectionpool.py   264:       _new_conn|| Starting new HTTP connection (1): dev-proxy.oa.com
2017-05-23 02:03:03,161   INFO  MainThread   connectionpool.py   264:       _new_conn|| Starting new HTTP connection (1): dev-proxy.oa.com
2017-05-23 02:03:03,417   INFO  MainThread   connectionpool.py   264:       _new_conn|| Starting new HTTP connection (1): dev-proxy.oa.com
2017-05-23 02:03:03,687   INFO  MainThread   connectionpool.py   264:       _new_conn|| Starting new HTTP connection (1): dev-proxy.oa.com
2017-05-23 02:03:03,882   INFO  MainThread   connectionpool.py   264:       _new_conn|| Starting new HTTP connection (1): dev-proxy.oa.com
2017-05-23 02:03:04,128   INFO  MainThread   connectionpool.py   264:       _new_conn|| Starting new HTTP connection (1): dev-proxy.oa.com
2017-05-23 02:03:04,346   INFO  MainThread   connectionpool.py   264:       _new_conn|| Starting new HTTP connection (1): dev-proxy.oa.com
2017-05-23 02:03:04,631   INFO  MainThread   connectionpool.py   264:       _new_conn|| Starting new HTTP connection (1): dev-proxy.oa.com
2017-05-23 02:03:04,958   INFO  MainThread   connectionpool.py   264:       _new_conn|| Starting new HTTP connection (1): dev-proxy.oa.com
